d:\appdata\documents\github\muticamapp\muticamapp_cpp\build\muticamapp.dir\release\mocs_compilation_release.obj
d:\appdata\documents\github\muticamapp\muticamapp_cpp\build\muticamapp.dir\release\camerathread.obj
d:\appdata\documents\github\muticamapp\muticamapp_cpp\build\muticamapp.dir\release\muticamapp.obj
d:\appdata\documents\github\muticamapp\muticamapp_cpp\build\muticamapp.dir\release\hikvisioncamera.obj
d:\appdata\documents\github\muticamapp\muticamapp_cpp\build\muticamapp.dir\release\main.obj
d:\appdata\documents\github\muticamapp\muticamapp_cpp\build\muticamapp.dir\release\layermanager.obj
d:\appdata\documents\github\muticamapp\muticamapp_cpp\build\muticamapp.dir\release\drawingmanager.obj
d:\appdata\documents\github\muticamapp\muticamapp_cpp\build\muticamapp_autogen\autouic_release.stamp
d:\appdata\documents\github\muticamapp\muticamapp_cpp\build\cmakefiles\generate.stamp
d:\appdata\documents\github\muticamapp\muticamapp_cpp\build\bin\release\muticamapp.exe
d:\appdata\documents\github\muticamapp\muticamapp_cpp\build\muticamapp.dir\release\muticamapp.tlog\cl.command.1.tlog
d:\appdata\documents\github\muticamapp\muticamapp_cpp\build\muticamapp.dir\release\muticamapp.tlog\cl.items.tlog
d:\appdata\documents\github\muticamapp\muticamapp_cpp\build\muticamapp.dir\release\muticamapp.tlog\cl.read.1.tlog
d:\appdata\documents\github\muticamapp\muticamapp_cpp\build\muticamapp.dir\release\muticamapp.tlog\cl.write.1.tlog
d:\appdata\documents\github\muticamapp\muticamapp_cpp\build\muticamapp.dir\release\muticamapp.tlog\custombuild.command.1.tlog
d:\appdata\documents\github\muticamapp\muticamapp_cpp\build\muticamapp.dir\release\muticamapp.tlog\custombuild.read.1.tlog
d:\appdata\documents\github\muticamapp\muticamapp_cpp\build\muticamapp.dir\release\muticamapp.tlog\custombuild.write.1.tlog
d:\appdata\documents\github\muticamapp\muticamapp_cpp\build\muticamapp.dir\release\muticamapp.tlog\link.command.1.tlog
d:\appdata\documents\github\muticamapp\muticamapp_cpp\build\muticamapp.dir\release\muticamapp.tlog\link.read.1.tlog
d:\appdata\documents\github\muticamapp\muticamapp_cpp\build\muticamapp.dir\release\muticamapp.tlog\link.secondary.1.tlog
d:\appdata\documents\github\muticamapp\muticamapp_cpp\build\muticamapp.dir\release\muticamapp.tlog\link.write.1.tlog
